[INFO] Scanning for projects...
[WARNING] 
[WARNING] Some problems were encountered while building the effective model for com.sheffield:leap:jar:0.0.1-SNAPSHOT
[WARNING] 'build.plugins.plugin.version' for org.apache.maven.plugins:maven-surefire-plugin is missing. @ line 64, column 21
[WARNING] 
[WARNING] It is highly recommended to fix these problems because they threaten the stability of your build.
[WARNING] 
[WARNING] For this reason, future Maven versions might no longer support building such malformed projects.
[WARNING] 
[INFO] ------------------------------------------------------------------------
[INFO] Reactor Build Order:
[INFO] 
[INFO] leap
[INFO] leapmotion-sampler
[INFO]                                                                         
[INFO] ------------------------------------------------------------------------
[INFO] Building leap 0.0.1-SNAPSHOT
[INFO] ------------------------------------------------------------------------
[INFO] 
[INFO] --- maven-resources-plugin:2.3:resources (default-resources) @ leap ---
[INFO] Using 'UTF-8' encoding to copy filtered resources.
[INFO] skip non existing resourceDirectory /mnt/c/work/NuiMimic/leap/${project
							.basedir}/lib
[INFO] 
[INFO] --- maven-compiler-plugin:3.5.1:compile (default-compile) @ leap ---
[INFO] Nothing to compile - all classes are up to date
[INFO] 
[INFO] --- maven-resources-plugin:2.3:testResources (default-testResources) @ leap ---
[INFO] Using 'UTF-8' encoding to copy filtered resources.
[INFO] skip non existing resourceDirectory /mnt/c/work/NuiMimic/leap/src/test/resources
[INFO] 
[INFO] --- maven-compiler-plugin:3.5.1:testCompile (default-testCompile) @ leap ---
[INFO] Nothing to compile - all classes are up to date
[INFO] 
[INFO] --- maven-surefire-plugin:2.10:test (default-test) @ leap ---
[INFO] Surefire report directory: /mnt/c/work/NuiMimic/leap/target/surefire-reports

-------------------------------------------------------
 T E S T S
-------------------------------------------------------
Java HotSpot(TM) 64-Bit Server VM warning: ignoring option MaxPermSize=256m; support was removed in 8.0
Running com.sheffield.leapmotion.mocks.TestMockGraphicsDevice
Tests run: 5, Failures: 0, Errors: 0, Skipped: 0, Time elapsed: 0.187 sec
Running com.sheffield.leapmotion.mocks.TestMockJOptionsPane
Tests run: 1, Failures: 0, Errors: 0, Skipped: 0, Time elapsed: 0 sec
Running com.sheffield.leapmotion.mocks.TestMockRandom
Tests run: 2, Failures: 0, Errors: 0, Skipped: 0, Time elapsed: 0.001 sec
Running com.sheffield.leapmotion.output.TestStateComparator
Tests run: 5, Failures: 0, Errors: 0, Skipped: 0, Time elapsed: 0.001 sec
Running com.sheffield.leapmotion.TestBarDrawer
Tests run: 1, Failures: 0, Errors: 0, Skipped: 0, Time elapsed: 0 sec
Running com.sheffield.leapmotion.TestBezierHelper
Native code library failed to load. 
java.lang.UnsatisfiedLinkError: no LeapJava in java.library.path

Results :

Tests run: 14, Failures: 0, Errors: 0, Skipped: 0

[INFO]                                                                         
[INFO] ------------------------------------------------------------------------
[INFO] Building leapmotion-sampler 0.0.1-SNAPSHOT
[INFO] ------------------------------------------------------------------------
[INFO] 
[INFO] --- maven-resources-plugin:2.3:resources (default-resources) @ leapmotion-sampler ---
[INFO] Using 'UTF-8' encoding to copy filtered resources.
[INFO] skip non existing resourceDirectory /mnt/c/work/NuiMimic/leapmotion-sampler/${project
							.basedir}/lib
[INFO] 
[INFO] --- maven-compiler-plugin:3.5.1:compile (default-compile) @ leapmotion-sampler ---
[INFO] Nothing to compile - all classes are up to date
[INFO] 
[INFO] --- maven-resources-plugin:2.3:testResources (default-testResources) @ leapmotion-sampler ---
[INFO] Using 'UTF-8' encoding to copy filtered resources.
[INFO] skip non existing resourceDirectory /mnt/c/work/NuiMimic/leapmotion-sampler/src/test/resources
[INFO] 
[INFO] --- maven-compiler-plugin:3.5.1:testCompile (default-testCompile) @ leapmotion-sampler ---
[INFO] No sources to compile
[INFO] 
[INFO] --- maven-surefire-plugin:2.10:test (default-test) @ leapmotion-sampler ---
[INFO] No tests to run.
[INFO] Surefire report directory: /mnt/c/work/NuiMimic/leapmotion-sampler/target/surefire-reports

-------------------------------------------------------
 T E S T S
-------------------------------------------------------

Results :

Tests run: 0, Failures: 0, Errors: 0, Skipped: 0

[INFO] ------------------------------------------------------------------------
[INFO] Reactor Summary:
[INFO] 
[INFO] leap .............................................. SUCCESS [2.831s]
[INFO] leapmotion-sampler ................................ SUCCESS [0.731s]
[INFO] ------------------------------------------------------------------------
[INFO] BUILD SUCCESS
[INFO] ------------------------------------------------------------------------
[INFO] Total time: 3.714s
[INFO] Finished at: Fri Nov 25 10:48:54 GMT 2016
[INFO] Final Memory: 11M/232M
[INFO] ------------------------------------------------------------------------
